Flow report for boolean1
Sat May 20 15:04:22 2023
Quartus Prime Version 22.1std.1 Build 917 02/14/2023 SC Lite Edition


---------------------
; Table of Contents ;
---------------------
  1. Legal Notice
  2. Flow Summary
  3. Flow Settings
  4. Flow Non-Default Global Settings
  5. Flow Elapsed Time
  6. Flow OS Summary
  7. Flow Log
  8. Flow Messages
  9. Flow Suppressed Messages



----------------
; Legal Notice ;
----------------
Copyright (C) 2023  Intel Corporation. All rights reserved.
Your use of Intel Corporation's design tools, logic functions 
and other software and tools, and any partner logic 
functions, and any output files from any of the foregoing 
(including device programming or simulation files), and any 
associated documentation or information are expressly subject 
to the terms and conditions of the Intel Program License 
Subscription Agreement, the Intel Quartus Prime License Agreement,
the Intel FPGA IP License Agreement, or other applicable license
agreement, including, without limitation, that your use is for
the sole purpose of programming logic devices manufactured by
Intel and sold by Intel or its authorized distributors.  Please
refer to the applicable agreement for further details, at
https://fpgasoftware.intel.com/eula.



+----------------------------------------------------------------------------------+
; Flow Summary                                                                     ;
+---------------------------------+------------------------------------------------+
; Flow Status                     ; Successful - Sat May 20 15:04:22 2023          ;
; Quartus Prime Version           ; 22.1std.1 Build 917 02/14/2023 SC Lite Edition ;
; Revision Name                   ; boolean1                                       ;
; Top-level Entity Name           ; boolean1                                       ;
; Family                          ; Cyclone V                                      ;
; Device                          ; 5CGXFC7C7F23C8                                 ;
; Timing Models                   ; Final                                          ;
; Logic utilization (in ALMs)     ; 1 / 56,480 ( < 1 % )                           ;
; Total registers                 ; 0                                              ;
; Total pins                      ; 5 / 268 ( 2 % )                                ;
; Total virtual pins              ; 0                                              ;
; Total block memory bits         ; 0 / 7,024,640 ( 0 % )                          ;
; Total DSP Blocks                ; 0 / 156 ( 0 % )                                ;
; Total HSSI RX PCSs              ; 0 / 6 ( 0 % )                                  ;
; Total HSSI PMA RX Deserializers ; 0 / 6 ( 0 % )                                  ;
; Total HSSI TX PCSs              ; 0 / 6 ( 0 % )                                  ;
; Total HSSI PMA TX Serializers   ; 0 / 6 ( 0 % )                                  ;
; Total PLLs                      ; 0 / 13 ( 0 % )                                 ;
; Total DLLs                      ; 0 / 4 ( 0 % )                                  ;
+---------------------------------+------------------------------------------------+


+-----------------------------------------+
; Flow Settings                           ;
+-------------------+---------------------+
; Option            ; Setting             ;
+-------------------+---------------------+
; Start date & time ; 05/20/2023 14:55:33 ;
; Main task         ; Compilation         ;
; Revision Name     ; boolean1            ;
+-------------------+---------------------+


+------------------------------------------------------------------------------------------------------------------------------------------------+
; Flow Non-Default Global Settings                                                                                                               ;
+-------------------------------------+----------------------------------------+---------------+-------------+-----------------------------------+
; Assignment Name                     ; Value                                  ; Default Value ; Entity Name ; Section Id                        ;
+-------------------------------------+----------------------------------------+---------------+-------------+-----------------------------------+
; COMPILER_SIGNATURE_ID               ; 220964527025637.168459093313068        ; --            ; --          ; --                                ;
; EDA_GENERATE_FUNCTIONAL_NETLIST     ; Off                                    ; --            ; --          ; eda_board_design_timing           ;
; EDA_GENERATE_FUNCTIONAL_NETLIST     ; Off                                    ; --            ; --          ; eda_board_design_boundary_scan    ;
; EDA_GENERATE_FUNCTIONAL_NETLIST     ; Off                                    ; --            ; --          ; eda_board_design_signal_integrity ;
; EDA_GENERATE_FUNCTIONAL_NETLIST     ; Off                                    ; --            ; --          ; eda_board_design_symbol           ;
; EDA_OUTPUT_DATA_FORMAT              ; Verilog Hdl                            ; --            ; --          ; eda_simulation                    ;
; EDA_SIMULATION_TOOL                 ; Questa Intel FPGA (Verilog)            ; <None>        ; --          ; --                                ;
; EDA_TIME_SCALE                      ; 1 ps                                   ; --            ; --          ; eda_simulation                    ;
; MAX_CORE_JUNCTION_TEMP              ; 85                                     ; --            ; --          ; --                                ;
; MIN_CORE_JUNCTION_TEMP              ; 0                                      ; --            ; --          ; --                                ;
; PARTITION_COLOR                     ; -- (Not supported for targeted family) ; --            ; --          ; Top                               ;
; PARTITION_FITTER_PRESERVATION_LEVEL ; -- (Not supported for targeted family) ; --            ; --          ; Top                               ;
; PARTITION_NETLIST_TYPE              ; -- (Not supported for targeted family) ; --            ; --          ; Top                               ;
; PROJECT_OUTPUT_DIRECTORY            ; output_files                           ; --            ; --          ; --                                ;
+-------------------------------------+----------------------------------------+---------------+-------------+-----------------------------------+


+--------------------------------------------------------------------------------------------------------------------------+
; Flow Elapsed Time                                                                                                        ;
+----------------------+--------------+-------------------------+---------------------+------------------------------------+
; Module Name          ; Elapsed Time ; Average Processors Used ; Peak Virtual Memory ; Total CPU Time (on all processors) ;
+----------------------+--------------+-------------------------+---------------------+------------------------------------+
; Analysis & Synthesis ; 00:01:03     ; 1.0                     ; 4827 MB             ; 00:01:16                           ;
; Fitter               ; 00:02:12     ; 1.0                     ; 6611 MB             ; 00:03:12                           ;
; Assembler            ; 00:00:41     ; 1.0                     ; 4879 MB             ; 00:00:30                           ;
; Timing Analyzer      ; 00:00:21     ; 1.0                     ; 5149 MB             ; 00:00:18                           ;
; EDA Netlist Writer   ; 00:00:04     ; 1.0                     ; 4730 MB             ; 00:00:04                           ;
; EDA Netlist Writer   ; 00:00:04     ; 1.0                     ; 4725 MB             ; 00:00:04                           ;
; EDA Netlist Writer   ; 00:00:05     ; 1.0                     ; 4742 MB             ; 00:00:04                           ;
; EDA Netlist Writer   ; 00:00:04     ; 1.0                     ; 4725 MB             ; 00:00:04                           ;
; EDA Netlist Writer   ; 00:00:04     ; 1.0                     ; 4725 MB             ; 00:00:04                           ;
; EDA Netlist Writer   ; 00:00:04     ; 1.0                     ; 4754 MB             ; 00:00:04                           ;
; EDA Netlist Writer   ; 00:00:04     ; 1.0                     ; 4725 MB             ; 00:00:04                           ;
; EDA Netlist Writer   ; 00:00:04     ; 1.0                     ; 4754 MB             ; 00:00:04                           ;
; Total                ; 00:04:50     ; --                      ; --                  ; 00:05:48                           ;
+----------------------+--------------+-------------------------+---------------------+------------------------------------+


+------------------------------------------------------------------------------------+
; Flow OS Summary                                                                    ;
+----------------------+------------------+------------+------------+----------------+
; Module Name          ; Machine Hostname ; OS Name    ; OS Version ; Processor type ;
+----------------------+------------------+------------+------------+----------------+
; Analysis & Synthesis ; Karnagev         ; Windows 10 ; 10.0       ; x86_64         ;
; Fitter               ; Karnagev         ; Windows 10 ; 10.0       ; x86_64         ;
; Assembler            ; Karnagev         ; Windows 10 ; 10.0       ; x86_64         ;
; Timing Analyzer      ; Karnagev         ; Windows 10 ; 10.0       ; x86_64         ;
; EDA Netlist Writer   ; Karnagev         ; Windows 10 ; 10.0       ; x86_64         ;
; EDA Netlist Writer   ; Karnagev         ; Windows 10 ; 10.0       ; x86_64         ;
; EDA Netlist Writer   ; Karnagev         ; Windows 10 ; 10.0       ; x86_64         ;
; EDA Netlist Writer   ; Karnagev         ; Windows 10 ; 10.0       ; x86_64         ;
; EDA Netlist Writer   ; Karnagev         ; Windows 10 ; 10.0       ; x86_64         ;
; EDA Netlist Writer   ; Karnagev         ; Windows 10 ; 10.0       ; x86_64         ;
; EDA Netlist Writer   ; Karnagev         ; Windows 10 ; 10.0       ; x86_64         ;
; EDA Netlist Writer   ; Karnagev         ; Windows 10 ; 10.0       ; x86_64         ;
+----------------------+------------------+------------+------------+----------------+


------------
; Flow Log ;
------------
quartus_map --read_settings_files=on --write_settings_files=off boolean1 -c boolean1
quartus_fit --read_settings_files=off --write_settings_files=off boolean1 -c boolean1
quartus_asm --read_settings_files=off --write_settings_files=off boolean1 -c boolean1
quartus_sta boolean1 -c boolean1
quartus_eda --read_settings_files=off --write_settings_files=off boolean1 -c boolean1
quartus_eda --gen_testbench --tool=modelsim_oem --format=verilog --write_settings_files=off boolean1 -c boolean1 --vector_source=C:/Users/elroy/Dev/boolean1/boolean1.vwf --testbench_file=C:/Users/elroy/Dev/boolean1/simulation/qsim/boolean1.vwf.vt
quartus_eda --write_settings_files=off --simulation=on --functional=on --flatten_buses=off --tool=modelsim_oem --format=verilog --output_directory=C:/Users/elroy/Dev/boolean1/simulation/qsim/ boolean1 -c boolean1
quartus_eda --gen_testbench --tool=modelsim_oem --format=verilog --write_settings_files=off boolean1 -c boolean1 --vector_source=C:/Users/elroy/Dev/boolean1/Waveform.vwf --testbench_file=C:/Users/elroy/Dev/boolean1/simulation/qsim/Waveform.vwf.vt
quartus_eda --gen_testbench --tool=modelsim_oem --format=verilog --write_settings_files=off boolean1 -c boolean1 --vector_source=C:/Users/elroy/Dev/boolean1/boolean1.vwf --testbench_file=C:/Users/elroy/Dev/boolean1/simulation/qsim/boolean1.vwf.vt
quartus_eda --write_settings_files=off --simulation=on --functional=off --flatten_buses=off --timescale=1ps --tool=modelsim_oem --format=verilog --output_directory=C:/Users/elroy/Dev/boolean1/simulation/qsim/ boolean1 -c boolean1
quartus_eda --gen_testbench --tool=modelsim_oem --format=verilog --write_settings_files=off boolean1 -c boolean1 --vector_source=C:/Users/elroy/Dev/boolean1/boolean1.vwf --testbench_file=C:/Users/elroy/Dev/boolean1/simulation/qsim/boolean1.vwf.vt
quartus_eda --write_settings_files=off --simulation=on --functional=off --flatten_buses=off --timescale=1ps --tool=modelsim_oem --format=verilog --output_directory=C:/Users/elroy/Dev/boolean1/simulation/qsim/ boolean1 -c boolean1



